<?xml version="1.0" encoding="UTF-8"?>
<testng-results skipped="0" failed="0" total="1" passed="1">
  <reporter-output>
  </reporter-output>
  <suite name="Suite1" duration-ms="1790" started-at="2019-10-08T14:00:23Z" finished-at="2019-10-08T14:00:25Z">
    <groups>
    </groups>
    <test name="Regression1" duration-ms="1790" started-at="2019-10-08T14:00:23Z" finished-at="2019-10-08T14:00:25Z">
      <class name="com.qa.tests.PostAPITest">
        <test-method status="PASS" signature="setUp()[pri:0, instance:com.qa.tests.PostAPITest@3f3afe78]" name="setUp" is-config="true" duration-ms="173" started-at="2019-10-08T19:30:23Z" finished-at="2019-10-08T19:30:23Z">
          <reporter-output>
          </reporter-output>
        </test-method> <!-- setUp -->
        <test-method status="PASS" signature="postTest()[pri:0, instance:com.qa.tests.PostAPITest@3f3afe78]" name="postTest" duration-ms="1594" started-at="2019-10-08T19:30:23Z" finished-at="2019-10-08T19:30:25Z">
          <reporter-output>
          </reporter-output>
        </test-method> <!-- postTest -->
      </class> <!-- com.qa.tests.PostAPITest -->
    </test> <!-- Regression1 -->
  </suite> <!-- Suite1 -->
</testng-results>
