<?xml version="1.0" encoding="UTF-8"?>
<testng-results skipped="0" failed="0" total="1" passed="1">
  <reporter-output>
  </reporter-output>
  <suite name="Suite1" duration-ms="1804" started-at="2019-10-08T13:55:53Z" finished-at="2019-10-08T13:55:55Z">
    <groups>
    </groups>
    <test name="Regression1" duration-ms="1804" started-at="2019-10-08T13:55:53Z" finished-at="2019-10-08T13:55:55Z">
      <class name="com.qa.tests.PostAPITest">
        <test-method status="PASS" signature="setUp()[pri:0, instance:com.qa.tests.PostAPITest@7c0e2abd]" name="setUp" is-config="true" duration-ms="175" started-at="2019-10-08T19:25:53Z" finished-at="2019-10-08T19:25:53Z">
          <reporter-output>
          </reporter-output>
        </test-method> <!-- setUp -->
        <test-method status="PASS" signature="postTest()[pri:0, instance:com.qa.tests.PostAPITest@7c0e2abd]" name="postTest" duration-ms="1608" started-at="2019-10-08T19:25:53Z" finished-at="2019-10-08T19:25:55Z">
          <reporter-output>
          </reporter-output>
        </test-method> <!-- postTest -->
      </class> <!-- com.qa.tests.PostAPITest -->
    </test> <!-- Regression1 -->
  </suite> <!-- Suite1 -->
</testng-results>
